\BOOKMARK [0][-]{chapter*.1}{\376\377\000A\000g\000r\000a\000d\000e\000c\000i\000m\000i\000e\000n\000t\000o\000s\000\040}{}% 1
\BOOKMARK [0][-]{chapter*.2}{\376\377\000\315\000n\000d\000i\000c\000e\000\040\000g\000e\000n\000e\000r\000a\000l\000\040}{}% 2
\BOOKMARK [0][-]{chapter*.3}{\376\377\000\315\000n\000d\000i\000c\000e\000\040\000d\000e\000\040\000f\000i\000g\000u\000r\000a\000s}{}% 3
\BOOKMARK [0][-]{chapter*.4}{\376\377\000\315\000n\000d\000i\000c\000e\000\040\000d\000e\000\040\000t\000a\000b\000l\000a\000s}{}% 4
\BOOKMARK [0][-]{chapter*.5}{\376\377\000P\000r\000e\000f\000a\000c\000i\000o}{}% 5
\BOOKMARK [1][-]{section*.6}{\376\377\000Q\000u\000i\000\351\000n\000\040\000d\000e\000b\000e\000r\000\355\000a\000\040\000l\000e\000e\000r\000\040\000e\000s\000t\000e\000\040\000l\000i\000b\000r\000o}{chapter*.5}% 6
\BOOKMARK [1][-]{section*.7}{\376\377\000P\000o\000r\000\040\000q\000u\000\351\000\040\000e\000s\000c\000r\000i\000b\000i\000m\000o\000s\000\040\000e\000s\000t\000e\000\040\000l\000i\000b\000r\000o}{chapter*.5}% 7
\BOOKMARK [1][-]{section*.8}{\376\377\000N\000a\000v\000e\000g\000a\000n\000d\000o\000\040\000e\000n\000\040\000e\000s\000t\000e\000\040\000l\000i\000b\000r\000o}{chapter*.5}% 8
\BOOKMARK [1][-]{section*.9}{\376\377\000R\000e\000c\000u\000r\000s\000o\000s\000\040\000e\000n\000\040\000l\000\355\000n\000e\000a}{chapter*.5}% 9
\BOOKMARK [1][-]{section*.10}{\376\377\000C\000o\000n\000v\000e\000n\000c\000i\000o\000n\000e\000s\000\040\000u\000t\000i\000l\000i\000z\000a\000d\000a\000s\000\040\000e\000n\000\040\000e\000s\000t\000e\000\040\000l\000i\000b\000r\000o}{chapter*.5}% 10
\BOOKMARK [1][-]{section*.11}{\376\377\000U\000s\000o\000\040\000d\000e\000\040\000e\000j\000e\000m\000p\000l\000o\000s\000\040\000d\000e\000\040\000c\000\363\000d\000i\000g\000o}{chapter*.5}% 11
\BOOKMARK [1][-]{section*.12}{\376\377\000L\000i\000b\000r\000o\000s\000\040\000o\000n\000l\000i\000n\000e\000\040\000S\000a\000f\000a\000r\000i}{chapter*.5}% 12
\BOOKMARK [1][-]{section*.13}{\376\377\000C\000o\000m\000o\000\040\000c\000o\000n\000t\000a\000c\000t\000a\000r\000\040\000c\000o\000n\000\040\000n\000o\000s\000o\000t\000r\000o\000s}{chapter*.5}% 13
\BOOKMARK [1][-]{section*.14}{\376\377\000A\000g\000r\000a\000d\000e\000c\000i\000m\000i\000e\000n\000t\000o\000s}{chapter*.5}% 14
\BOOKMARK [0][-]{section*.14}{\376\377\000P\000r\000e\000f\000a\000c\000i\000o}{}% 15
\BOOKMARK [0][-]{chapter.1}{\376\377\000I\000n\000t\000r\000o\000d\000u\000c\000c\000i\000\363\000n\000\040\000a\000l\000\040\000A\000p\000r\000e\000n\000d\000i\000z\000a\000j\000e\000\040\000A\000u\000t\000o\000m\000\341\000t\000i\000c\000o}{}% 16
\BOOKMARK [1][-]{section.1.1}{\376\377\000\277\000P\000o\000r\000\040\000q\000u\000\351\000\040\000e\000l\000\040\000A\000p\000r\000e\000n\000d\000i\000z\000a\000j\000e\000\040\000A\000u\000t\000o\000m\000\341\000t\000i\000c\000o\000\040\000o\000\040\000M\000a\000c\000h\000i\000n\000e\000\040\000L\000e\000a\000r\000n\000i\000n\000g\000?\000\040}{chapter.1}% 17
\BOOKMARK [2][-]{subsection.1.1.1}{\376\377\000P\000r\000o\000b\000l\000e\000m\000a\000s\000\040\000q\000u\000e\000\040\000p\000u\000e\000d\000e\000\040\000r\000e\000s\000o\000l\000v\000e\000r\000\040\000e\000l\000\040\000A\000p\000r\000e\000n\000d\000i\000z\000a\000j\000e\000\040\000A\000u\000t\000o\000m\000\341\000t\000i\000c\000o}{section.1.1}% 18
\BOOKMARK [2][-]{subsection.1.1.2}{\376\377\000C\000o\000n\000o\000c\000i\000e\000n\000d\000o\000\040\000s\000u\000\040\000t\000a\000r\000e\000a\000\040\000y\000\040\000l\000o\000s\000\040\000d\000a\000t\000o\000s}{section.1.1}% 19
\BOOKMARK [1][-]{section.1.2}{\376\377\000\277\000P\000o\000r\000\040\000q\000u\000\351\000\040\000P\000y\000t\000h\000o\000n\000?}{chapter.1}% 20
\BOOKMARK [2][-]{subsection.1.2.1}{\376\377\000s\000c\000i\000k\000i\000t\000-\000l\000e\000a\000r\000n}{section.1.2}% 21
\BOOKMARK [3][-]{subsubsection.1.2.1.1}{\376\377\000I\000n\000s\000t\000a\000l\000a\000r\000\040\000s\000c\000i\000k\000i\000t\000-\000l\000e\000a\000r\000n}{subsection.1.2.1}% 22
\BOOKMARK [2][-]{subsection.1.2.2}{\376\377\000L\000i\000b\000r\000e\000r\000i\000a\000s\000\040\000y\000\040\000h\000e\000r\000r\000a\000m\000i\000e\000n\000t\000a\000s\000\040\000e\000s\000e\000n\000c\000i\000a\000l\000e\000s}{section.1.2}% 23
\BOOKMARK [3][-]{subsubsection.1.2.2.1}{\376\377\000J\000u\000p\000y\000t\000e\000r\000\040\000N\000o\000t\000e\000b\000o\000o\000k}{subsection.1.2.2}% 24
\BOOKMARK [3][-]{subsubsection.1.2.2.2}{\376\377\000N\000u\000m\000p\000y}{subsection.1.2.2}% 25
\BOOKMARK [3][-]{subsubsection.1.2.2.3}{\376\377\000S\000c\000i\000p\000y}{subsection.1.2.2}% 26
\BOOKMARK [3][-]{subsubsection.1.2.2.4}{\376\377\000m\000a\000t\000p\000l\000o\000t\000l\000i\000b}{subsection.1.2.2}% 27
\BOOKMARK [3][-]{subsubsection.1.2.2.5}{\376\377\000p\000a\000n\000d\000a\000s}{subsection.1.2.2}% 28
\BOOKMARK [3][-]{subsubsection.1.2.2.6}{\376\377\000m\000g\000l\000e\000a\000r\000n}{subsection.1.2.2}% 29
\BOOKMARK [2][-]{subsection.1.2.3}{\376\377\000P\000y\000t\000h\000o\000n\000\040\0002\000\040\000V\000e\000r\000s\000u\000s\000\040\000P\000y\000t\000h\000o\000n\000\040\0003}{section.1.2}% 30
\BOOKMARK [3][-]{subsubsection.1.2.3.1}{\376\377\000V\000e\000r\000s\000i\000o\000n\000e\000s\000\040\000u\000t\000i\000l\000i\000z\000a\000d\000a\000s\000\040\000e\000n\000\040\000e\000s\000t\000e\000\040\000l\000i\000b\000r\000o}{subsection.1.2.3}% 31
\BOOKMARK [1][-]{section.1.3}{\376\377\000P\000r\000i\000m\000e\000r\000a\000\040\000A\000p\000l\000i\000c\000a\000c\000i\000\363\000n\000:\000\040\000C\000l\000a\000s\000i\000f\000i\000c\000a\000c\000i\000\363\000n\000\040\000d\000e\000\040\000l\000a\000\040\000e\000s\000p\000e\000c\000i\000e\000\040\000d\000e\000\040\000f\000l\000o\000r\000e\000s\000\040\000I\000r\000i\000s}{chapter.1}% 32
\BOOKMARK [2][-]{subsection.1.3.1}{\376\377\000D\000a\000t\000a\000\040\000I\000r\000i\000s}{section.1.3}% 33
\BOOKMARK [2][-]{subsection.1.3.2}{\376\377\000M\000e\000d\000i\000e\000n\000d\000o\000\040\000e\000l\000\040\000\351\000x\000i\000t\000o\000:\000\040\000D\000a\000t\000o\000s\000\040\000p\000a\000r\000a\000\040\000e\000n\000t\000r\000e\000n\000a\000m\000i\000e\000n\000t\000o\000\040\000y\000\040\000p\000r\000u\000e\000b\000a}{section.1.3}% 34
\BOOKMARK [2][-]{subsection.1.3.3}{\376\377\000P\000r\000i\000m\000e\000r\000\040\000p\000a\000s\000o\000:\000\040\000A\000n\000a\000l\000i\000z\000a\000r\000\040\000l\000o\000s\000\040\000d\000a\000t\000o\000s}{section.1.3}% 35
\BOOKMARK [2][-]{subsection.1.3.4}{\376\377\000C\000o\000n\000s\000t\000r\000u\000y\000e\000n\000d\000o\000\040\000e\000l\000\040\000P\000r\000i\000m\000e\000r\000\040\000M\000o\000d\000e\000l\000o\000:\000\040\000m\000\351\000t\000o\000d\000o\000\040\000d\000e\000l\000\040\000k\000-\000N\000e\000a\000r\000e\000s\000t\000\040\000N\000e\000i\000g\000h\000b\000o\000r\000s}{section.1.3}% 36
\BOOKMARK [2][-]{subsection.1.3.5}{\376\377\000H\000a\000c\000i\000e\000n\000d\000o\000\040\000P\000r\000e\000d\000i\000c\000c\000i\000o\000n\000e\000s}{section.1.3}% 37
\BOOKMARK [2][-]{subsection.1.3.6}{\376\377\000E\000v\000a\000l\000u\000a\000c\000i\000\363\000n\000\040\000d\000e\000l\000\040\000m\000o\000d\000e\000l\000o}{section.1.3}% 38
\BOOKMARK [1][-]{section.1.4}{\376\377\000R\000e\000s\000u\000m\000e\000n\000\040\000y\000\040\000p\000e\000r\000s\000p\000e\000c\000t\000i\000v\000a\000s}{chapter.1}% 39
\BOOKMARK [0][-]{chapter.2}{\376\377\000A\000p\000r\000e\000n\000d\000i\000z\000a\000j\000e\000\040\000S\000u\000p\000e\000r\000v\000i\000s\000a\000d\000o}{}% 40
\BOOKMARK [1][-]{section.2.1}{\376\377\000P\000r\000e\000l\000i\000m\000i\000n\000a\000r\000e\000s}{chapter.2}% 41
\BOOKMARK [2][-]{subsection.2.1.1}{\376\377\000C\000l\000a\000s\000i\000f\000i\000c\000a\000c\000i\000\363\000n\000\040\000y\000\040\000R\000e\000g\000r\000e\000s\000i\000\363\000n}{section.2.1}% 42
\BOOKMARK [2][-]{subsection.2.1.2}{\376\377\000G\000e\000n\000e\000r\000a\000l\000i\000z\000a\000c\000i\000\363\000n\000,\000\040\000S\000o\000b\000r\000e\000a\000j\000u\000s\000t\000e\000,\000\040\000y\000\040\000S\000u\000b\000a\000j\000u\000s\000t\000e}{section.2.1}% 43
\BOOKMARK [3][-]{subsubsection.2.1.2.1}{\376\377\000R\000e\000l\000a\000c\000i\000\363\000n\000\040\000d\000e\000\040\000l\000a\000\040\000c\000o\000m\000p\000l\000e\000j\000i\000d\000a\000d\000\040\000d\000e\000l\000\040\000m\000o\000d\000e\000l\000o\000\040\000c\000o\000n\000\040\000e\000l\000\040\000t\000a\000m\000a\000\361\000o\000\040\000d\000e\000l\000\040\000c\000o\000n\000j\000u\000n\000t\000o\000\040\000d\000e\000\040\000d\000a\000t\000o\000s}{subsection.2.1.2}% 44
\BOOKMARK [1][-]{section.2.2}{\376\377\000E\000j\000e\000m\000p\000l\000o\000s\000\040\000d\000e\000\040\000a\000l\000g\000u\000n\000o\000s\000\040\000c\000o\000n\000j\000u\000n\000t\000o\000s\000\040\000d\000e\000\040\000d\000a\000t\000o\000s}{chapter.2}% 45
\BOOKMARK [1][-]{section.2.3}{\376\377\000A\000l\000g\000o\000r\000i\000t\000m\000o\000s\000\040\000d\000e\000\040\000a\000p\000r\000e\000n\000d\000i\000z\000a\000j\000e\000\040\000s\000u\000p\000e\000r\000v\000i\000s\000a\000d\000o\000s}{chapter.2}% 46
\BOOKMARK [2][-]{subsection.2.3.1}{\376\377\000K\000-\000V\000e\000c\000i\000n\000o\000s\000\040\000m\000\341\000s\000\040\000c\000e\000r\000c\000a\000n\000o\000s\000\040\000\050\000k\000-\000N\000N\000\051}{section.2.3}% 47
\BOOKMARK [3][-]{subsubsection.2.3.1.1}{\376\377\000C\000l\000a\000s\000i\000f\000i\000c\000a\000c\000i\000\363\000n\000\040\000d\000e\000l\000\040\000K\000-\000V\000e\000c\000i\000n\000o}{subsection.2.3.1}% 48
\BOOKMARK [3][-]{subsubsection.2.3.1.2}{\376\377\000A\000n\000a\000l\000i\000z\000a\000n\000d\000o\000\040\000K\000N\000e\000i\000g\000h\000b\000o\000u\000r\000s\000C\000l\000a\000s\000s\000i\000f\000i\000e\000r}{subsection.2.3.1}% 49
\BOOKMARK [3][-]{subsubsection.2.3.1.3}{\376\377\000R\000e\000g\000r\000e\000s\000i\000\363\000n\000\040\000c\000o\000n\000\040\000k\000-\000v\000e\000c\000i\000n\000o\000s}{subsection.2.3.1}% 50
\BOOKMARK [3][-]{subsubsection.2.3.1.4}{\376\377\000A\000n\000a\000l\000i\000z\000a\000n\000d\000o\000\040\000e\000l\000\040\000K\000N\000e\000i\000g\000h\000b\000o\000r\000s\000R\000e\000g\000r\000e\000s\000s\000o\000r}{subsection.2.3.1}% 51
\BOOKMARK [3][-]{subsubsection.2.3.1.5}{\376\377\000F\000o\000r\000t\000a\000l\000e\000z\000a\000s\000,\000\040\000d\000e\000b\000i\000l\000i\000d\000a\000d\000e\000s\000\040\000y\000\040\000p\000a\000r\000\341\000m\000e\000t\000r\000o\000s}{subsection.2.3.1}% 52
\BOOKMARK [2][-]{subsection.2.3.2}{\376\377\000M\000o\000d\000e\000l\000o\000s\000\040\000l\000i\000n\000e\000a\000l\000e\000s}{section.2.3}% 53
\BOOKMARK [3][-]{subsubsection.2.3.2.1}{\376\377\000M\000o\000d\000e\000l\000o\000s\000\040\000l\000i\000n\000e\000a\000l\000e\000s\000\040\000p\000a\000r\000a\000\040\000r\000e\000g\000r\000e\000s\000i\000\363\000n}{subsection.2.3.2}% 54
\BOOKMARK [3][-]{subsubsection.2.3.2.2}{\376\377\000R\000e\000g\000r\000e\000s\000i\000\363\000n\000\040\000l\000i\000n\000e\000a\000l}{subsection.2.3.2}% 55
\BOOKMARK [3][-]{subsubsection.2.3.2.3}{\376\377\000R\000e\000g\000r\000e\000s\000s\000i\000o\000n\000\040\000R\000i\000d\000g\000e}{subsection.2.3.2}% 56
\BOOKMARK [3][-]{subsubsection.2.3.2.4}{\376\377\000L\000a\000s\000s\000o}{subsection.2.3.2}% 57
\BOOKMARK [3][-]{subsubsection.2.3.2.5}{\376\377\000M\000o\000d\000e\000l\000o\000s\000\040\000l\000i\000n\000e\000a\000l\000e\000s\000\040\000p\000a\000r\000a\000\040\000c\000l\000a\000s\000i\000f\000i\000c\000a\000c\000i\000\363\000n\000\040\000b\000i\000n\000a\000r\000i\000a}{subsection.2.3.2}% 58
\BOOKMARK [3][-]{subsubsection.2.3.2.6}{\376\377\000M\000o\000d\000e\000l\000o\000s\000\040\000l\000i\000n\000e\000a\000l\000e\000s\000\040\000p\000a\000r\000a\000\040\000c\000l\000a\000s\000i\000f\000i\000c\000a\000c\000i\000\363\000n\000\040\000m\000u\000l\000t\000i\000c\000l\000a\000s\000e\000s}{subsection.2.3.2}% 59
\BOOKMARK [3][-]{subsubsection.2.3.2.7}{\376\377\000F\000o\000r\000t\000a\000l\000e\000z\000a\000s\000,\000\040\000d\000e\000b\000i\000l\000i\000d\000a\000d\000e\000s\000\040\000y\000\040\000p\000a\000r\000\341\000m\000e\000t\000r\000o\000s}{subsection.2.3.2}% 60
\BOOKMARK [2][-]{subsection.2.3.3}{\376\377\000C\000l\000a\000s\000i\000f\000i\000c\000a\000d\000o\000r\000e\000s\000\040\000N\000a\000i\000v\000e\000\040\000B\000a\000y\000e\000s}{section.2.3}% 61
\BOOKMARK [3][-]{subsubsection.2.3.3.1}{\376\377\000F\000o\000r\000t\000a\000l\000e\000z\000a\000s\000,\000\040\000d\000e\000b\000i\000l\000i\000d\000a\000d\000e\000s\000\040\000y\000\040\000p\000a\000r\000\341\000m\000e\000t\000r\000o\000s}{subsection.2.3.3}% 62
\BOOKMARK [2][-]{subsection.2.3.4}{\376\377\000\301\000r\000b\000o\000l\000e\000s\000\040\000d\000e\000\040\000d\000e\000c\000i\000s\000i\000\363\000n}{section.2.3}% 63
\BOOKMARK [3][-]{subsubsection.2.3.4.1}{\376\377\000C\000o\000n\000s\000t\000r\000u\000y\000e\000n\000d\000o\000\040\000\341\000r\000b\000o\000l\000e\000s\000\040\000d\000e\000\040\000d\000e\000c\000i\000s\000i\000\363\000n}{subsection.2.3.4}% 64
\BOOKMARK [3][-]{subsubsection.2.3.4.2}{\376\377\000C\000o\000n\000t\000r\000o\000l\000a\000r\000\040\000l\000a\000\040\000c\000o\000m\000p\000l\000e\000j\000i\000d\000a\000d\000\040\000d\000e\000\040\000l\000o\000s\000\040\000\341\000r\000b\000o\000l\000e\000s\000\040\000d\000e\000\040\000d\000e\000c\000i\000s\000i\000\363\000n\000.}{subsection.2.3.4}% 65
\BOOKMARK [3][-]{subsubsection.2.3.4.3}{\376\377\000A\000n\000a\000l\000i\000z\000a\000n\000d\000o\000\040\000\341\000r\000b\000o\000l\000e\000s\000\040\000d\000e\000\040\000d\000e\000c\000i\000s\000i\000\363\000n}{subsection.2.3.4}% 66
\BOOKMARK [3][-]{subsubsection.2.3.4.4}{\376\377\000I\000m\000p\000o\000r\000t\000a\000n\000c\000i\000a\000\040\000d\000e\000\040\000l\000a\000\040\000c\000a\000r\000a\000c\000t\000e\000r\000\355\000s\000t\000i\000c\000a\000\040\000e\000n\000\040\000\341\000r\000b\000o\000l\000e\000s}{subsection.2.3.4}% 67
\BOOKMARK [3][-]{subsubsection.2.3.4.5}{\376\377\000F\000o\000r\000t\000a\000l\000e\000z\000a\000s\000,\000\040\000d\000e\000b\000i\000l\000i\000d\000a\000d\000e\000s\000\040\000y\000\040\000p\000a\000r\000\341\000m\000e\000t\000r\000o\000s}{subsection.2.3.4}% 68
\BOOKMARK [2][-]{subsection.2.3.5}{\376\377\000C\000o\000n\000j\000u\000n\000t\000o\000s\000\040\000d\000e\000\040\000\341\000r\000b\000o\000l\000e\000s\000\040\000d\000e\000\040\000d\000e\000c\000i\000s\000i\000\363\000n\000\040\000\040\000\050\000E\000n\000s\000e\000m\000b\000l\000e\000s\000\040\000o\000f\000\040\000D\000e\000c\000i\000s\000i\000o\000n\000\040\000T\000r\000e\000e\000s\000\051}{section.2.3}% 69
\BOOKMARK [3][-]{subsubsection.2.3.5.1}{\376\377\000B\000o\000s\000q\000u\000e\000s\000\040\000A\000l\000e\000a\000t\000o\000r\000i\000o\000s}{subsection.2.3.5}% 70
\BOOKMARK [3][-]{subsubsection.2.3.5.2}{\376\377\000C\000o\000n\000s\000t\000r\000u\000y\000e\000n\000d\000o\000\040\000B\000o\000s\000q\000u\000e\000s\000\040\000A\000l\000e\000a\000t\000o\000r\000i\000o\000s}{subsection.2.3.5}% 71
\BOOKMARK [3][-]{subsubsection.2.3.5.3}{\376\377\000A\000n\000a\000l\000i\000z\000a\000n\000d\000o\000\040\000b\000o\000s\000q\000u\000e\000s\000\040\000A\000l\000e\000a\000t\000o\000r\000i\000o}{subsection.2.3.5}% 72
\BOOKMARK [3][-]{subsubsection.2.3.5.4}{\376\377\000F\000o\000r\000t\000a\000l\000e\000z\000a\000s\000,\000\040\000d\000e\000b\000i\000l\000i\000d\000a\000d\000e\000s\000\040\000y\000\040\000p\000a\000r\000\341\000m\000e\000t\000r\000o\000s}{subsection.2.3.5}% 73
\BOOKMARK [3][-]{subsubsection.2.3.5.5}{\376\377\000\301\000r\000b\000o\000l\000e\000s\000\040\000d\000e\000\040\000r\000e\000g\000r\000e\000s\000i\000\363\000n\000\040\000c\000o\000n\000\040\000p\000o\000t\000e\000n\000c\000i\000a\000c\000i\000\363\000n\000\040\000d\000e\000l\000\040\000g\000r\000a\000d\000i\000e\000n\000t\000e\000\040\000\040\000\050\000M\000\341\000q\000u\000i\000n\000a\000s\000\040\000d\000e\000\040\000r\000e\000f\000u\000e\000r\000z\000o\000\040\000d\000e\000\040\000g\000r\000a\000d\000i\000e\000n\000t\000e\000\051}{subsection.2.3.5}% 74
\BOOKMARK [3][-]{subsubsection.2.3.5.6}{\376\377\000F\000o\000r\000t\000a\000l\000e\000z\000a\000s\000,\000\040\000d\000e\000b\000i\000l\000i\000d\000a\000d\000e\000s\000\040\000y\000\040\000p\000a\000r\000\341\000m\000e\000t\000r\000o\000s}{subsection.2.3.5}% 75
\BOOKMARK [2][-]{subsection.2.3.6}{\376\377\000M\000\341\000q\000u\000i\000n\000a\000s\000\040\000d\000e\000\040\000s\000o\000p\000o\000r\000t\000e\000\040\000d\000e\000\040\000v\000e\000c\000t\000o\000r\000e\000s\000\040\000k\000e\000r\000n\000e\000l\000i\000z\000e\000d}{section.2.3}% 76
\BOOKMARK [3][-]{subsubsection.2.3.6.1}{\376\377\000M\000o\000d\000e\000l\000o\000s\000\040\000l\000i\000n\000e\000a\000l\000e\000s\000\040\000y\000\040\000c\000a\000r\000a\000c\000t\000e\000r\000\355\000s\000t\000i\000c\000a\000s\000\040\000n\000o\000\040\000l\000i\000n\000e\000a\000l\000e\000s}{subsection.2.3.6}% 77
\BOOKMARK [3][-]{subsubsection.2.3.6.2}{\376\377\000E\000l\000\040\000t\000r\000u\000c\000o\000\040\000d\000e\000l\000\040\000k\000e\000r\000n\000e\000l}{subsection.2.3.6}% 78
\BOOKMARK [3][-]{subsubsection.2.3.6.3}{\376\377\000C\000o\000m\000p\000r\000e\000n\000d\000i\000e\000n\000d\000o\000\040\000e\000l\000\040\000p\000r\000o\000c\000e\000s\000o\000\040\000d\000e\000\040\000S\000V\000M\000s}{subsection.2.3.6}% 79
\BOOKMARK [3][-]{subsubsection.2.3.6.4}{\376\377\000A\000j\000u\000s\000t\000e\000\040\000d\000e\000\040\000l\000o\000s\000\040\000p\000a\000r\000\341\000m\000e\000t\000r\000o\000s\000\040\000d\000e\000\040\000S\000V\000M}{subsection.2.3.6}% 80
\BOOKMARK [3][-]{subsubsection.2.3.6.5}{\376\377\000P\000r\000e\000p\000r\000o\000c\000e\000s\000a\000m\000i\000e\000n\000t\000o\000\040\000d\000e\000\040\000d\000a\000t\000o\000s\000\040\000p\000a\000r\000a\000\040\000S\000V\000M\000s}{subsection.2.3.6}% 81
\BOOKMARK [3][-]{subsubsection.2.3.6.6}{\376\377\000F\000o\000r\000t\000a\000l\000e\000z\000a\000s\000,\000\040\000d\000e\000b\000i\000l\000i\000d\000a\000d\000e\000s\000\040\000y\000\040\000p\000a\000r\000\341\000m\000e\000t\000r\000o\000s}{subsection.2.3.6}% 82
\BOOKMARK [2][-]{subsection.2.3.7}{\376\377\000R\000e\000d\000e\000s\000\040\000N\000e\000u\000r\000o\000n\000a\000l\000e\000s\000\040\000\050\000A\000p\000r\000e\000n\000d\000i\000z\000a\000j\000e\000\040\000P\000r\000o\000f\000u\000n\000d\000o\000\051}{section.2.3}% 83
\BOOKMARK [3][-]{subsubsection.2.3.7.1}{\376\377\000E\000l\000\040\000m\000o\000d\000e\000l\000o\000\040\000d\000e\000\040\000r\000e\000d\000\040\000n\000e\000u\000r\000o\000n\000a\000l}{subsection.2.3.7}% 84
\BOOKMARK [3][-]{subsubsection.2.3.7.2}{\376\377\000A\000j\000u\000s\000t\000e\000\040\000d\000e\000\040\000r\000e\000d\000e\000s\000\040\000n\000e\000u\000r\000o\000n\000a\000l\000e\000s}{subsection.2.3.7}% 85
\BOOKMARK [3][-]{subsubsection.2.3.7.3}{\376\377\000F\000o\000r\000t\000a\000l\000e\000z\000a\000s\000,\000\040\000d\000e\000b\000i\000l\000i\000d\000a\000d\000e\000s\000\040\000y\000\040\000p\000a\000r\000\341\000m\000e\000t\000r\000o\000s}{subsection.2.3.7}% 86
\BOOKMARK [3][-]{subsubsection.2.3.7.4}{\376\377\000E\000s\000t\000i\000m\000a\000c\000i\000\363\000n\000\040\000d\000e\000\040\000l\000a\000\040\000c\000o\000m\000p\000l\000e\000j\000i\000d\000a\000d\000\040\000e\000n\000\040\000l\000a\000s\000\040\000r\000e\000d\000e\000s\000\040\000n\000e\000u\000r\000o\000n\000a\000l\000e\000s}{subsection.2.3.7}% 87
\BOOKMARK [3][-]{subsubsection.2.3.7.5}{\376\377\000E\000s\000t\000i\000m\000a\000c\000i\000o\000n\000e\000s\000\040\000d\000e\000\040\000i\000n\000c\000e\000r\000t\000i\000d\000u\000m\000b\000r\000e\000\040\000d\000e\000\040\000l\000o\000s\000\040\000c\000l\000a\000s\000i\000f\000i\000c\000a\000d\000o\000r\000e\000s}{subsection.2.3.7}% 88
\BOOKMARK [3][-]{subsubsection.2.3.7.6}{\376\377\000P\000r\000o\000b\000a\000b\000i\000l\000i\000d\000a\000d\000e\000s\000\040\000d\000e\000\040\000p\000r\000e\000d\000i\000c\000c\000i\000\363\000n}{subsection.2.3.7}% 89
\BOOKMARK [3][-]{subsubsection.2.3.7.7}{\376\377\000R\000e\000s\000u\000m\000e\000n\000\040\000y\000\040\000p\000e\000r\000s\000p\000e\000c\000t\000i\000v\000a\000s}{subsection.2.3.7}% 90
\BOOKMARK [0][-]{chapter.3}{\376\377\000A\000p\000r\000e\000n\000d\000i\000z\000a\000j\000e\000\040\000n\000o\000\040\000s\000u\000p\000e\000r\000v\000i\000s\000a\000d\000o\000\040\000y\000\040\000p\000r\000e\000p\000r\000o\000c\000e\000s\000a\000m\000i\000e\000n\000t\000o}{}% 91
\BOOKMARK [1][-]{section.3.1}{\376\377\000I\000n\000t\000r\000o\000d\000u\000c\000c\000i\000\363\000n}{chapter.3}% 92
\BOOKMARK [2][-]{subsection.3.1.1}{\376\377\000T\000i\000p\000o\000s\000\040\000d\000e\000\040\000a\000p\000r\000e\000n\000d\000i\000z\000a\000j\000e\000\040\000n\000o\000\040\000s\000u\000p\000e\000r\000v\000i\000s\000a\000d\000o}{section.3.1}% 93
\BOOKMARK [2][-]{subsection.3.1.2}{\376\377\000R\000e\000t\000o\000s\000\040\000d\000e\000l\000\040\000A\000p\000r\000e\000n\000d\000i\000z\000a\000j\000e\000\040\000n\000o\000\040\000s\000u\000p\000e\000r\000v\000i\000s\000a\000d\000o}{section.3.1}% 94
\BOOKMARK [1][-]{section.3.2}{\376\377\000P\000r\000e\000p\000r\000o\000c\000e\000s\000a\000m\000i\000e\000n\000t\000o\000\040\000y\000\040\000e\000s\000c\000a\000l\000a\000d\000o}{chapter.3}% 95
\BOOKMARK [2][-]{subsection.3.2.1}{\376\377\000D\000i\000f\000e\000r\000e\000n\000t\000e\000s\000\040\000t\000i\000p\000o\000s\000\040\000d\000e\000\040\000p\000r\000e\000-\000p\000r\000o\000c\000e\000s\000a\000m\000i\000e\000n\000t\000o\000\040\000d\000e\000\040\000d\000a\000t\000o\000s}{section.3.2}% 96
\BOOKMARK [2][-]{subsection.3.2.2}{\376\377\000A\000p\000l\000i\000c\000a\000n\000d\000o\000\040\000t\000r\000a\000n\000s\000f\000o\000r\000m\000a\000c\000i\000o\000n\000e\000s\000\040\000a\000\040\000l\000a\000\040\000D\000a\000t\000a}{section.3.2}% 97
\BOOKMARK [3][-]{subsubsection.3.2.2.1}{\376\377\000E\000s\000c\000a\000l\000a\000d\000o\000\040\000p\000a\000r\000a\000\040\000l\000o\000s\000\040\000D\000a\000t\000o\000s\000\040\000d\000e\000\040\000E\000n\000t\000r\000e\000n\000a\000m\000i\000e\000n\000t\000o\000\040\000y\000\040\000P\000r\000u\000e\000b\000a\000\040\000d\000e\000\040\000l\000a\000\040\000m\000i\000s\000m\000a\000\040\000f\000o\000r\000m\000a}{subsection.3.2.2}% 98
\BOOKMARK [2][-]{subsection.3.2.3}{\376\377\000E\000f\000e\000c\000t\000o\000\040\000d\000e\000l\000\040\000p\000r\000e\000p\000r\000o\000c\000e\000s\000a\000m\000i\000e\000n\000t\000o\000\040\000e\000n\000\040\000A\000p\000r\000e\000n\000d\000i\000z\000a\000j\000e\000\040\000\040\000S\000u\000p\000e\000r\000v\000i\000s\000a\000d\000o}{section.3.2}% 99
\BOOKMARK [1][-]{section.3.3}{\376\377\000R\000e\000d\000u\000c\000c\000i\000\363\000n\000\040\000d\000e\000\040\000D\000i\000m\000e\000n\000s\000i\000o\000n\000a\000l\000i\000d\000a\000d\000,\000\040\000E\000x\000t\000r\000a\000c\000c\000i\000\363\000n\000\040\000d\000e\000\040\000C\000a\000r\000a\000c\000t\000e\000r\000\355\000s\000t\000i\000c\000a\000,\000\040\000y\000\040\000A\000p\000r\000e\000n\000d\000i\000z\000a\000j\000e\000\040\000M\000\372\000l\000t\000i\000p\000l\000e}{chapter.3}% 100
\BOOKMARK [2][-]{subsection.3.3.1}{\376\377\000A\000n\000\341\000l\000i\000s\000i\000s\000\040\000d\000e\000\040\000c\000o\000m\000p\000o\000n\000e\000n\000t\000e\000s\000\040\000p\000r\000i\000n\000c\000i\000p\000a\000l\000e\000s\000\040\000\050\000P\000C\000A\000\051}{section.3.3}% 101
\BOOKMARK [3][-]{subsubsection.3.3.1.1}{\376\377\000A\000p\000l\000i\000c\000\341\000n\000d\000o\000\040\000P\000C\000A\000\040\000a\000\040\000l\000a\000\040\000d\000a\000t\000a\000\040\000d\000e\000\040\000c\000\341\000n\000c\000e\000r\000\040\000p\000a\000r\000a\000\040\000v\000i\000s\000u\000a\000l\000i\000z\000a\000c\000i\000\363\000n}{subsection.3.3.1}% 102
\BOOKMARK [3][-]{subsubsection.3.3.1.2}{\376\377\000C\000a\000r\000a\000c\000t\000e\000r\000e\000s\000\040\000p\000r\000o\000p\000i\000o\000s\000\040\000p\000a\000r\000a\000\040\000e\000x\000t\000r\000a\000c\000c\000i\000\363\000n\000\040\000d\000e\000\040\000c\000a\000r\000a\000c\000t\000e\000r\000\355\000s\000t\000i\000c\000a\000s\000\040\000\040\000\050\000E\000i\000g\000e\000n\000f\000a\000c\000e\000s\000\051}{subsection.3.3.1}% 103
\BOOKMARK [2][-]{subsection.3.3.2}{\376\377\000F\000a\000c\000t\000o\000r\000i\000z\000a\000c\000i\000\363\000n\000\040\000m\000a\000t\000r\000i\000c\000i\000a\000l\000\040\000n\000o\000\040\000n\000e\000g\000a\000t\000i\000v\000a\000\040\000\050\000N\000M\000F\000\051}{section.3.3}% 104
\BOOKMARK [3][-]{subsubsection.3.3.2.1}{\376\377\000A\000p\000l\000i\000c\000a\000r\000\040\000N\000M\000F\000\040\000a\000\040\000l\000a\000\040\000d\000a\000t\000a\000\040\000s\000i\000n\000t\000\351\000t\000i\000c\000a}{subsection.3.3.2}% 105
\BOOKMARK [3][-]{subsubsection.3.3.2.2}{\376\377\000A\000p\000l\000i\000c\000a\000n\000d\000o\000\040\000N\000M\000F\000\040\000a\000\040\000i\000m\000\341\000g\000e\000n\000e\000s\000\040\000d\000e\000\040\000c\000a\000r\000a\000s}{subsection.3.3.2}% 106
\BOOKMARK [2][-]{subsection.3.3.3}{\376\377\000A\000p\000r\000e\000n\000d\000i\000z\000a\000j\000e\000\040\000m\000\372\000l\000t\000i\000p\000l\000e\000\040\000c\000o\000n\000\040\000t\000-\000S\000N\000E}{section.3.3}% 107
\BOOKMARK [1][-]{section.3.4}{\376\377\000C\000l\000u\000s\000t\000e\000r\000i\000n\000g\000\040\000o\000\040\000A\000g\000r\000u\000p\000a\000c\000i\000\363\000n}{chapter.3}% 108
\BOOKMARK [2][-]{subsection.3.4.1}{\376\377\000A\000g\000r\000u\000p\000a\000c\000i\000\363\000n\000\040\000d\000e\000\040\000k\000-\000m\000e\000d\000i\000a\000s\000\040\000\050\000k\000-\000M\000e\000a\000n\000s\000\040\000C\000l\000u\000s\000t\000e\000r\000i\000n\000g\000\051}{section.3.4}% 109
\BOOKMARK [3][-]{subsubsection.3.4.1.1}{\376\377\000C\000a\000s\000o\000s\000\040\000e\000n\000\040\000q\000u\000e\000\040\000f\000a\000l\000l\000a\000\040\000d\000e\000\040\000k\000-\000m\000e\000a\000n\000s}{subsection.3.4.1}% 110
\BOOKMARK [3][-]{subsubsection.3.4.1.2}{\376\377\000C\000u\000a\000n\000t\000i\000f\000i\000c\000a\000c\000i\000\363\000n\000\040\000v\000e\000c\000t\000o\000r\000i\000a\000l}{subsection.3.4.1}% 111
\BOOKMARK [2][-]{subsection.3.4.2}{\376\377\000C\000l\000\372\000s\000t\000e\000r\000\040\000A\000g\000l\000o\000m\000e\000r\000a\000t\000i\000v\000o\000\040\000\040\000\050\000A\000g\000g\000l\000o\000m\000e\000r\000a\000t\000i\000v\000e\000\040\000C\000l\000u\000s\000t\000e\000r\000i\000n\000g\000\051}{section.3.4}% 112
\BOOKMARK [3][-]{subsubsection.3.4.2.1}{\376\377\000C\000l\000\372\000s\000t\000e\000r\000\040\000j\000e\000r\000\341\000r\000q\000u\000i\000c\000o\000\040\000y\000\040\000d\000e\000n\000d\000r\000o\000g\000r\000a\000m\000a\000s}{subsection.3.4.2}% 113
\BOOKMARK [2][-]{subsection.3.4.3}{\376\377\000D\000B\000S\000C\000A\000N}{section.3.4}% 114
\BOOKMARK [2][-]{subsection.3.4.4}{\376\377\000C\000o\000m\000p\000a\000r\000a\000n\000d\000o\000\040\000y\000\040\000e\000v\000a\000l\000u\000a\000n\000d\000o\000\040\000l\000o\000s\000\040\000a\000l\000g\000o\000r\000i\000t\000m\000o\000s\000\040\000d\000e\000\040\000C\000l\000\372\000s\000t\000e\000r}{section.3.4}% 115
\BOOKMARK [3][-]{subsubsection.3.4.4.1}{\376\377\000E\000v\000a\000l\000u\000a\000r\000\040\000l\000o\000s\000\040\000c\000l\000u\000s\000t\000e\000r\000i\000n\000g\000\040\000c\000o\000n\000\040\000l\000a\000\040\000v\000e\000r\000d\000a\000d\000\040\000f\000u\000n\000d\000a\000m\000e\000n\000t\000a\000l}{subsection.3.4.4}% 116
\BOOKMARK [3][-]{subsubsection.3.4.4.2}{\376\377\000E\000v\000a\000l\000u\000a\000r\000\040\000l\000a\000\040\000a\000g\000r\000u\000p\000a\000c\000i\000\363\000n\000\040\000s\000i\000n\000\040\000l\000a\000\040\000v\000e\000r\000d\000a\000d\000\040\000f\000u\000n\000d\000a\000m\000e\000n\000t\000a\000l}{subsection.3.4.4}% 117
\BOOKMARK [2][-]{subsection.3.4.5}{\376\377\000C\000o\000m\000p\000a\000r\000a\000c\000i\000\363\000n\000\040\000d\000e\000\040\000l\000o\000s\000\040\000a\000l\000g\000o\000r\000i\000t\000m\000o\000s\000\040\000s\000o\000b\000r\000e\000\040\000l\000a\000\040\000d\000a\000t\000a\000s\000e\000t\000\040\000d\000e\000\040\000c\000a\000r\000a\000s}{section.3.4}% 118
\BOOKMARK [3][-]{subsubsection.3.4.5.1}{\376\377\000A\000n\000a\000l\000i\000z\000a\000n\000d\000o\000\040\000l\000a\000\040\000d\000a\000t\000a\000\040\000d\000e\000\040\000c\000a\000r\000a\000s\000\040\000c\000o\000n\000\040\000D\000B\000S\000C\000A\000N}{subsection.3.4.5}% 119
\BOOKMARK [3][-]{subsubsection.3.4.5.2}{\376\377\000A\000n\000a\000l\000i\000z\000a\000n\000d\000o\000\040\000l\000a\000\040\000d\000a\000t\000a\000s\000e\000t\000\040\000d\000e\000\040\000c\000a\000r\000a\000s\000\040\000c\000o\000n\000\040\000k\000-\000m\000e\000a\000n\000s}{subsection.3.4.5}% 120
\BOOKMARK [3][-]{subsubsection.3.4.5.3}{\376\377\000A\000n\000a\000l\000i\000z\000a\000n\000d\000o\000\040\000l\000a\000\040\000d\000a\000t\000a\000\040\000d\000e\000\040\000c\000a\000r\000a\000s\000\040\000c\000o\000n\000\040\000A\000g\000g\000l\000o\000m\000e\000r\000a\000t\000i\000v\000e}{subsection.3.4.5}% 121
\BOOKMARK [2][-]{subsection.3.4.6}{\376\377\000R\000e\000s\000u\000m\000e\000n\000\040\000d\000e\000\040\000l\000o\000s\000\040\000m\000\351\000t\000o\000d\000o\000s\000\040\000d\000e\000\040\000a\000g\000r\000u\000p\000a\000c\000i\000\363\000n}{section.3.4}% 122
\BOOKMARK [1][-]{section.3.5}{\376\377\000R\000e\000s\000u\000m\000e\000n\000\040\000y\000\040\000P\000e\000r\000s\000p\000e\000c\000t\000i\000v\000a\000s}{chapter.3}% 123
\BOOKMARK [0][-]{chapter.4}{\376\377\000I\000n\000g\000e\000n\000i\000e\000r\000\355\000a\000\040\000d\000e\000\040\000C\000a\000r\000a\000c\000t\000e\000r\000\355\000s\000t\000i\000c\000a\000s\000\040\000y\000\040\000R\000e\000p\000r\000e\000s\000e\000n\000t\000a\000c\000i\000\363\000n\000\040\000d\000e\000\040\000l\000a\000\040\000D\000a\000t\000a}{}% 124
\BOOKMARK [1][-]{section.4.1}{\376\377\000I\000n\000t\000r\000o\000d\000u\000c\000c\000i\000\363\000n}{chapter.4}% 125
\BOOKMARK [1][-]{section.4.2}{\376\377\000V\000a\000r\000i\000a\000b\000l\000e\000s\000\040\000C\000a\000t\000e\000g\000\363\000r\000i\000c\000a\000s}{chapter.4}% 126
\BOOKMARK [2][-]{subsection.4.2.1}{\376\377\000C\000o\000d\000i\000f\000i\000c\000a\000c\000i\000\363\000n\000\040\000O\000n\000e\000-\000H\000o\000t\000\040\000\050\000o\000n\000e\000-\000h\000o\000t\000-\000e\000n\000c\000o\000d\000i\000n\000g\000\051\000\040}{section.4.2}% 127
\BOOKMARK [2][-]{subsection.4.2.2}{\376\377\000V\000e\000r\000i\000f\000i\000c\000a\000c\000i\000\363\000n\000\040\000d\000e\000\040\000d\000a\000t\000o\000s\000\040\000c\000a\000t\000e\000g\000\363\000r\000i\000c\000o\000s\000\040\000c\000o\000d\000i\000f\000i\000c\000a\000d\000o\000s\000\040\000e\000n\000\040\000c\000a\000d\000e\000n\000a\000\040\000d\000e\000\040\000c\000a\000r\000a\000c\000t\000e\000r\000e\000s\000\040\000\050\000s\000t\000r\000i\000n\000g\000\051}{section.4.2}% 128
\BOOKMARK [2][-]{subsection.4.2.3}{\376\377\000N\000\372\000m\000e\000r\000o\000s\000\040\000q\000u\000e\000\040\000s\000e\000\040\000p\000u\000e\000d\000e\000n\000\040\000c\000o\000d\000i\000f\000i\000c\000a\000r\000\040\000c\000o\000m\000o\000\040\000c\000a\000t\000e\000g\000o\000r\000\355\000a\000s}{section.4.2}% 129
\BOOKMARK [1][-]{section.4.3}{\376\377\000B\000i\000n\000n\000i\000n\000g\000,\000\040\000d\000i\000s\000c\000r\000e\000t\000i\000z\000a\000c\000i\000\363\000n\000,\000\040\000m\000o\000d\000e\000l\000o\000s\000\040\000l\000i\000n\000e\000a\000l\000e\000s\000\040\000y\000\040\000\341\000r\000b\000o\000l\000e\000s}{chapter.4}% 130
\BOOKMARK [1][-]{section.4.4}{\376\377\000I\000n\000t\000e\000r\000a\000c\000c\000i\000o\000n\000e\000s\000\040\000y\000\040\000p\000o\000l\000i\000n\000o\000m\000i\000o\000s}{chapter.4}% 131
\BOOKMARK [1][-]{section.4.5}{\376\377\000T\000r\000a\000n\000s\000f\000o\000r\000m\000a\000c\000i\000o\000n\000e\000s\000\040\000u\000n\000i\000v\000a\000r\000i\000a\000b\000l\000e\000s\000\040\000n\000o\000\040\000l\000i\000n\000e\000a\000l\000e\000s}{chapter.4}% 132
\BOOKMARK [1][-]{section.4.6}{\376\377\000S\000e\000l\000e\000c\000c\000i\000\363\000n\000\040\000a\000u\000t\000o\000m\000\341\000t\000i\000c\000a\000\040\000d\000e\000\040\000c\000a\000r\000a\000c\000t\000e\000r\000\355\000s\000t\000i\000c\000a\000s}{chapter.4}% 133
\BOOKMARK [2][-]{subsubsection.4.6.0.1}{\376\377\000E\000s\000t\000a\000d\000\355\000s\000t\000i\000c\000a\000s\000\040\000u\000n\000i\000v\000a\000r\000i\000a\000d\000a}{section.4.6}% 134
\BOOKMARK [2][-]{subsection.4.6.1}{\376\377\000S\000e\000l\000e\000c\000c\000i\000\363\000n\000\040\000d\000e\000\040\000c\000a\000r\000a\000c\000t\000e\000r\000\355\000s\000t\000i\000c\000a\000s\000\040\000b\000a\000s\000a\000d\000a\000\040\000e\000n\000\040\000m\000o\000d\000e\000l\000o\000s}{section.4.6}% 135
\BOOKMARK [3][-]{subsubsection.4.6.1.1}{\376\377\000S\000e\000l\000e\000c\000c\000i\000\363\000n\000\040\000i\000t\000e\000r\000a\000t\000i\000v\000a\000\040\000d\000e\000\040\000c\000a\000r\000a\000c\000t\000e\000r\000\355\000s\000t\000i\000c\000a\000s}{subsection.4.6.1}% 136
\BOOKMARK [1][-]{section.4.7}{\376\377\000U\000t\000i\000l\000i\000z\000a\000n\000d\000o\000\040\000c\000o\000n\000o\000c\000i\000m\000i\000e\000n\000t\000o\000\040\000e\000x\000p\000e\000r\000t\000o}{chapter.4}% 137
\BOOKMARK [1][-]{section.4.8}{\376\377\000R\000e\000s\000u\000m\000e\000n\000\040\000y\000\040\000p\000e\000r\000s\000p\000e\000c\000t\000i\000v\000a\000s}{chapter.4}% 138
\BOOKMARK [0][-]{chapter.5}{\376\377\000E\000v\000a\000l\000u\000a\000c\000i\000\363\000n\000\040\000y\000\040\000s\000e\000l\000e\000c\000c\000i\000\363\000n\000\040\000d\000e\000\040\000p\000a\000r\000\341\000m\000e\000t\000r\000o\000s\000\040\000p\000a\000r\000a\000\040\000m\000e\000j\000o\000r\000a\000r\000\040\000e\000l\000\040\000m\000o\000d\000e\000l\000o}{}% 139
\BOOKMARK [1][-]{section.5.1}{\376\377\000V\000a\000l\000i\000d\000a\000c\000i\000\363\000n\000\040\000c\000r\000u\000z\000a\000d\000a}{chapter.5}% 140
\BOOKMARK [2][-]{subsection.5.1.1}{\376\377\000V\000a\000l\000i\000d\000a\000c\000i\000\363\000n\000\040\000c\000r\000u\000z\000a\000d\000a\000\040\000e\000n\000\040\000s\000c\000i\000k\000i\000t\000-\000l\000e\000a\000r\000n}{section.5.1}% 141
\BOOKMARK [3][-]{subsubsection.5.1.1.1}{\376\377\000B\000e\000n\000e\000f\000i\000c\000i\000o\000s\000\040\000d\000e\000\040\000l\000a\000\040\000v\000a\000l\000i\000d\000a\000c\000i\000\363\000n\000\040\000c\000r\000u\000z\000a\000d\000a}{subsection.5.1.1}% 142
\BOOKMARK [2][-]{subsection.5.1.2}{\376\377\000V\000a\000l\000i\000d\000a\000c\000i\000\363\000n\000\040\000c\000r\000u\000z\000a\000d\000a\000\040\000K\000-\000F\000o\000l\000d\000\040\000e\000s\000t\000r\000a\000t\000i\000f\000i\000c\000a\000d\000a\000\040\000y\000\040\000o\000t\000r\000a\000s\000\040\000e\000s\000t\000r\000a\000t\000e\000g\000i\000a\000s}{section.5.1}% 143
\BOOKMARK [3][-]{subsubsection.5.1.2.1}{\376\377\000M\000\341\000s\000\040\000c\000o\000n\000t\000r\000o\000l\000\040\000s\000o\000b\000r\000e\000\040\000l\000a\000\040\000v\000a\000l\000i\000d\000a\000c\000i\000\363\000n\000\040\000c\000r\000u\000z\000a\000d\000a}{subsection.5.1.2}% 144
\BOOKMARK [3][-]{subsubsection.5.1.2.2}{\376\377\000V\000a\000l\000i\000d\000a\000c\000i\000\363\000n\000\040\000c\000r\000u\000z\000a\000d\000a\000\040\000d\000e\000\040\000d\000e\000j\000a\000n\000d\000o\000\040\000u\000n\000o\000\040\000f\000u\000e\000r\000a\000\040\000\040\000L\000e\000a\000v\000e\000-\000o\000n\000e\000-\000o\000u\000t}{subsection.5.1.2}% 145
\BOOKMARK [3][-]{subsubsection.5.1.2.3}{\376\377\000V\000a\000l\000i\000d\000a\000c\000i\000\363\000n\000\040\000c\000r\000u\000z\000a\000d\000a\000\040\000S\000h\000u\000f\000f\000l\000e\000-\000s\000p\000l\000i\000t}{subsection.5.1.2}% 146
\BOOKMARK [3][-]{subsubsection.5.1.2.4}{\376\377\000V\000a\000l\000i\000d\000a\000c\000i\000\363\000n\000\040\000c\000r\000u\000z\000a\000d\000a\000\040\000c\000o\000n\000\040\000g\000r\000u\000p\000o\000s}{subsection.5.1.2}% 147
\BOOKMARK [3][-]{subsubsection.5.1.2.5}{\376\377\000B\000\372\000s\000q\000u\000e\000d\000a\000\040\000d\000e\000\040\000c\000u\000a\000d\000r\000\355\000c\000u\000l\000a}{subsection.5.1.2}% 148
\BOOKMARK [3][-]{subsubsection.5.1.2.6}{\376\377\000B\000\372\000s\000q\000u\000e\000d\000a\000\040\000d\000e\000\040\000c\000u\000a\000d\000r\000\355\000c\000u\000l\000a\000\040\000s\000i\000m\000p\000l\000e}{subsection.5.1.2}% 149
\BOOKMARK [3][-]{subsubsection.5.1.2.7}{\376\377\000E\000l\000\040\000p\000e\000l\000i\000g\000r\000o\000\040\000d\000e\000\040\000s\000o\000b\000r\000e\000a\000j\000u\000s\000t\000a\000r\000\040\000l\000o\000s\000\040\000p\000a\000r\000\341\000m\000e\000t\000r\000o\000s\000\040\000y\000\040\000e\000l\000\040\000c\000o\000n\000j\000u\000n\000t\000o\000\040\000d\000e\000\040\000v\000a\000l\000i\000d\000a\000c\000i\000\363\000n}{subsection.5.1.2}% 150
\BOOKMARK [3][-]{subsubsection.5.1.2.8}{\376\377\000B\000\372\000s\000q\000u\000e\000d\000a\000\040\000d\000e\000\040\000c\000u\000a\000d\000r\000\355\000c\000u\000l\000a\000\040\000c\000o\000n\000\040\000v\000a\000l\000i\000d\000a\000c\000i\000\363\000n\000\040\000c\000r\000u\000z\000a\000d\000a}{subsection.5.1.2}% 151
\BOOKMARK [3][-]{subsubsection.5.1.2.9}{\376\377\000A\000n\000a\000l\000i\000z\000a\000n\000d\000o\000\040\000e\000l\000\040\000r\000e\000s\000u\000l\000t\000a\000d\000o\000\040\000d\000e\000\040\000l\000a\000\040\000v\000a\000l\000i\000d\000a\000c\000i\000\363\000n\000\040\000c\000r\000u\000z\000a\000d\000a}{subsection.5.1.2}% 152
\BOOKMARK [3][-]{subsubsection.5.1.2.10}{\376\377\000B\000u\000s\000q\000u\000e\000d\000a\000\040\000e\000n\000\040\000e\000s\000p\000a\000c\000i\000o\000s\000\040\000q\000u\000e\000\040\000n\000o\000\040\000s\000o\000n\000\040\000c\000u\000a\000d\000r\000\355\000c\000u\000l\000a\000s}{subsection.5.1.2}% 153
\BOOKMARK [3][-]{subsubsection.5.1.2.11}{\376\377\000U\000s\000o\000\040\000d\000e\000\040\000d\000i\000f\000e\000r\000e\000n\000t\000e\000s\000\040\000e\000s\000t\000r\000a\000t\000e\000g\000i\000a\000s\000\040\000d\000e\000\040\000v\000a\000l\000i\000d\000a\000c\000i\000\363\000n\000\040\000c\000r\000u\000z\000a\000d\000a\000\040\000c\000o\000n\000\040\000g\000r\000i\000d\000\040\000s\000e\000a\000r\000c\000h}{subsection.5.1.2}% 154
\BOOKMARK [3][-]{subsubsection.5.1.2.12}{\376\377\000V\000a\000l\000i\000d\000a\000c\000i\000\363\000n\000\040\000c\000r\000u\000z\000a\000d\000a\000\040\000a\000n\000i\000d\000a\000d\000a}{subsection.5.1.2}% 155
\BOOKMARK [2][-]{subsection.5.1.3}{\376\377\000P\000a\000r\000a\000l\000e\000l\000i\000s\000m\000o\000s\000\040\000e\000n\000t\000r\000e\000\040\000v\000a\000l\000i\000d\000a\000c\000i\000\363\000n\000\040\000c\000r\000u\000z\000a\000d\000a\000\040\000y\000\040\000b\000\372\000s\000q\000u\000e\000d\000a\000\040\000d\000e\000\040\000c\000u\000a\000d\000r\000\355\000c\000u\000l\000a}{section.5.1}% 156
\BOOKMARK [1][-]{section.5.2}{\376\377\000M\000\351\000t\000r\000i\000c\000a\000s\000\040\000d\000e\000\040\000e\000v\000a\000l\000u\000a\000c\000i\000\363\000n\000\040\000y\000\040\000p\000u\000n\000t\000u\000a\000c\000i\000\363\000n}{chapter.5}% 157
\BOOKMARK [2][-]{subsubsection.5.2.0.1}{\376\377\000M\000a\000n\000t\000e\000n\000g\000a\000\040\000e\000l\000\040\000o\000b\000j\000e\000t\000i\000v\000o\000\040\000f\000i\000n\000a\000l\000\040\000e\000n\000\040\000p\000r\000e\000s\000e\000n\000t\000e}{section.5.2}% 158
\BOOKMARK [2][-]{subsection.5.2.1}{\376\377\000M\000\351\000t\000r\000i\000c\000a\000s\000\040\000p\000a\000r\000a\000\040\000l\000a\000\040\000c\000l\000a\000s\000i\000f\000i\000c\000a\000c\000i\000\363\000n\000\040\000b\000i\000n\000a\000r\000i\000a}{section.5.2}% 159
\BOOKMARK [2][-]{subsection.5.2.2}{\376\377\000T\000i\000p\000o\000s\000\040\000d\000e\000\040\000e\000r\000r\000o\000r\000e\000s}{section.5.2}% 160
\BOOKMARK [2][-]{subsection.5.2.3}{\376\377\000D\000a\000t\000a\000s\000\040\000d\000e\000s\000b\000a\000l\000a\000n\000c\000e\000a\000d\000a\000s}{section.5.2}% 161
\BOOKMARK [2][-]{subsection.5.2.4}{\376\377\000M\000a\000t\000r\000i\000c\000e\000s\000\040\000d\000e\000\040\000c\000o\000n\000f\000u\000s\000i\000\363\000n}{section.5.2}% 162
\BOOKMARK [2][-]{subsection.5.2.5}{\376\377\000R\000e\000l\000a\000c\000i\000\363\000n\000\040\000c\000o\000n\000\040\000l\000a\000\040\000e\000x\000a\000c\000t\000i\000t\000u\000d\000\040\000\050\000A\000c\000c\000u\000r\000a\000c\000y\000\051\000.}{section.5.2}% 163
\BOOKMARK [2][-]{subsection.5.2.6}{\376\377\000P\000r\000e\000c\000i\000s\000i\000\363\000n\000,\000\040\000S\000e\000n\000s\000i\000b\000i\000l\000i\000d\000a\000d\000\040\000y\000\040\000f\000-\000p\000u\000n\000t\000u\000a\000c\000i\000\363\000n\000\040\000\050\000e\000n\000\040\000I\000n\000g\000l\000\351\000s\000\040\000P\000r\000e\000c\000i\000s\000i\000o\000n\000,\000\040\000r\000e\000c\000a\000l\000l\000,\000\040\000a\000n\000d\000\040\000f\000-\000s\000c\000o\000r\000e\000\051}{section.5.2}% 164
\BOOKMARK [2][-]{subsection.5.2.7}{\376\377\000T\000o\000m\000a\000n\000d\000o\000\040\000e\000n\000\040\000c\000u\000e\000n\000t\000a\000\040\000l\000a\000\040\000i\000n\000c\000e\000r\000t\000i\000d\000u\000m\000b\000r\000e}{section.5.2}% 165
\BOOKMARK [2][-]{subsection.5.2.8}{\376\377\000P\000r\000e\000c\000i\000s\000i\000\363\000n\000,\000\040\000s\000e\000n\000s\000i\000b\000i\000l\000i\000d\000a\000d\000\040\000y\000\040\000c\000u\000r\000v\000a\000s\000\040\000R\000O\000C}{section.5.2}% 166
\BOOKMARK [3][-]{subsubsection.5.2.8.1}{\376\377\000C\000a\000r\000a\000c\000t\000e\000r\000\355\000s\000t\000i\000c\000a\000\040\000O\000p\000e\000r\000a\000t\000i\000v\000a\000\040\000d\000e\000l\000\040\000R\000e\000c\000e\000p\000t\000o\000r\000\040\000\050\000R\000O\000C\000\051\000\040\000y\000\040\000e\000l\000\040\000\341\000r\000e\000a\000\040\000b\000a\000j\000o\000\040\000l\000a\000\040\000c\000u\000r\000v\000a\000\040\000\050\000A\000U\000C\000\051}{subsection.5.2.8}% 167
\BOOKMARK [2][-]{subsection.5.2.9}{\376\377\000M\000\351\000t\000r\000i\000c\000a\000s\000\040\000p\000a\000r\000a\000\040\000l\000a\000\040\000c\000l\000a\000s\000i\000f\000i\000c\000a\000c\000i\000\363\000n\000\040\000m\000u\000l\000t\000i\000c\000l\000a\000s\000e}{section.5.2}% 168
\BOOKMARK [2][-]{subsection.5.2.10}{\376\377\000M\000\351\000t\000r\000i\000c\000a\000s\000\040\000p\000a\000r\000a\000\040\000r\000e\000g\000r\000e\000s\000i\000\363\000n}{section.5.2}% 169
\BOOKMARK [1][-]{section.5.3}{\376\377\000U\000s\000o\000\040\000d\000e\000\040\000m\000\351\000t\000r\000i\000c\000a\000s\000\040\000d\000e\000\040\000e\000v\000a\000l\000u\000a\000c\000i\000\363\000n\000\040\000e\000n\000\040\000l\000a\000\040\000s\000e\000l\000e\000c\000c\000i\000\363\000n\000\040\000d\000e\000l\000\040\000m\000o\000d\000e\000l\000o}{chapter.5}% 170
\BOOKMARK [2][-]{subsection.5.3.1}{\376\377\000R\000e\000s\000u\000m\000e\000n\000\040\000y\000\040\000p\000e\000r\000s\000p\000e\000c\000t\000i\000v\000a\000s}{section.5.3}% 171
\BOOKMARK [0][-]{chapter.6}{\376\377\000C\000a\000d\000e\000n\000a\000s\000\040\000d\000e\000\040\000a\000l\000g\000o\000r\000i\000t\000m\000o\000s\000\040\000y\000\040\000P\000i\000p\000e\000l\000i\000n\000e\000s}{}% 172
\BOOKMARK [1][-]{section.6.1}{\376\377\000I\000n\000t\000r\000o\000d\000u\000c\000c\000i\000\363\000n}{chapter.6}% 173
\BOOKMARK [1][-]{section.6.2}{\376\377\000S\000e\000l\000e\000c\000c\000i\000\363\000n\000\040\000d\000e\000\040\000p\000a\000r\000\341\000m\000e\000t\000r\000o\000s\000\040\000c\000o\000n\000\040\000p\000r\000e\000p\000r\000o\000c\000e\000s\000a\000m\000i\000e\000n\000t\000o}{chapter.6}% 174
\BOOKMARK [2][-]{subsection.6.2.1}{\376\377\000C\000o\000n\000s\000t\000r\000u\000y\000e\000n\000d\000o\000\040\000P\000i\000p\000e\000l\000i\000n\000e\000s}{section.6.2}% 175
\BOOKMARK [2][-]{subsection.6.2.2}{\376\377\000U\000s\000a\000n\000d\000o\000\040\000P\000i\000p\000e\000l\000i\000n\000e\000s\000\040\000e\000n\000\040\000b\000\372\000s\000q\000u\000e\000d\000a\000s\000\040\000d\000e\000\040\000c\000u\000a\000d\000r\000\355\000c\000u\000l\000a\000\040\000\050\000G\000r\000i\000d\000\040\000S\000e\000a\000r\000c\000h\000e\000s\000\051}{section.6.2}% 176
\BOOKMARK [1][-]{section.6.3}{\376\377\000I\000n\000t\000e\000r\000f\000a\000z\000\040\000g\000e\000n\000e\000r\000a\000l\000\040\000d\000e\000\040\000P\000i\000p\000e\000l\000i\000n\000e}{chapter.6}% 177
\BOOKMARK [2][-]{subsection.6.3.1}{\376\377\000C\000r\000e\000a\000n\000d\000o\000\040\000u\000n\000a\000\040\000P\000i\000p\000e\000l\000i\000n\000e\000\040\000c\000o\000n\000\040\000m\000a\000k\000e\000\137\000p\000i\000p\000e\000l\000i\000n\000e}{section.6.3}% 178
\BOOKMARK [2][-]{subsection.6.3.2}{\376\377\000A\000c\000c\000e\000s\000o\000\040\000a\000\040\000l\000o\000s\000\040\000a\000t\000r\000i\000b\000u\000t\000o\000s\000\040\000p\000o\000r\000\040\000p\000a\000s\000o\000s}{section.6.3}% 179
\BOOKMARK [2][-]{subsection.6.3.3}{\376\377\000A\000c\000c\000e\000s\000o\000\040\000a\000\040\000a\000t\000r\000i\000b\000u\000t\000o\000s\000\040\000d\000e\000\040\000u\000n\000a\000\040\000P\000i\000p\000e\000l\000i\000n\000e\000\040\000d\000e\000n\000t\000r\000o\000\040\000d\000e\000\040\000u\000n\000a\000\040\000b\000u\000s\000c\000a\000d\000a\000\040\000d\000e\000\040\000c\000u\000a\000d\000r\000\355\000c\000u\000l\000a}{section.6.3}% 180
\BOOKMARK [2][-]{subsection.6.3.4}{\376\377\000P\000a\000s\000o\000s\000\040\000e\000n\000\040\000e\000l\000\040\000p\000r\000e\000p\000r\000o\000c\000e\000s\000a\000m\000i\000e\000n\000t\000o\000\040\000d\000e\000\040\000b\000\372\000s\000q\000u\000e\000d\000a\000\040\000d\000e\000\040\000c\000u\000a\000d\000r\000\355\000c\000u\000l\000a\000\040\000y\000\040\000p\000a\000r\000\341\000m\000e\000t\000r\000o\000s\000\040\000d\000e\000l\000\040\000m\000o\000d\000e\000l\000o}{section.6.3}% 181
\BOOKMARK [3][-]{subsubsection.6.3.4.1}{\376\377\000Q\000u\000\351\000\040\000m\000o\000d\000e\000l\000o\000\040\000u\000t\000i\000l\000i\000z\000a\000r\000\040\000y\000\040\000G\000r\000i\000d\000-\000S\000e\000a\000r\000c\000h\000i\000n\000g\000\040}{subsection.6.3.4}% 182
\BOOKMARK [1][-]{section.6.4}{\376\377\000R\000e\000s\000u\000m\000e\000n\000\040\000y\000\040\000p\000e\000r\000s\000p\000e\000c\000t\000i\000v\000a\000s}{chapter.6}% 183
\BOOKMARK [0][-]{chapter.7}{\376\377\000T\000r\000a\000b\000a\000j\000a\000n\000d\000o\000\040\000c\000o\000n\000\040\000D\000a\000t\000o\000s\000\040\000d\000e\000\040\000T\000e\000x\000t\000o}{}% 184
\BOOKMARK [1][-]{section.7.1}{\376\377\000I\000n\000t\000r\000o\000d\000u\000c\000c\000i\000\363\000n}{chapter.7}% 185
\BOOKMARK [1][-]{section.7.2}{\376\377\000T\000i\000p\000o\000s\000\040\000d\000e\000\040\000d\000a\000t\000o\000s\000\040\000r\000e\000p\000r\000e\000s\000e\000n\000t\000a\000d\000o\000s\000\040\000c\000o\000m\000o\000\040\000c\000a\000d\000e\000n\000a\000s}{chapter.7}% 186
\BOOKMARK [2][-]{subsection.7.2.1}{\376\377\000E\000j\000e\000m\000p\000l\000o\000\040\000d\000e\000\040\000a\000p\000l\000i\000c\000a\000c\000i\000\363\000n\000:\000\040\000A\000n\000\341\000l\000i\000s\000i\000s\000\040\000d\000e\000\040\000S\000e\000n\000t\000i\000m\000i\000e\000n\000t\000o\000\040\000a\000\040\000C\000o\000m\000e\000n\000t\000a\000r\000i\000o\000s\000\040\000d\000e\000\040\000P\000e\000l\000\355\000c\000u\000l\000a}{section.7.2}% 187
\BOOKMARK [2][-]{subsection.7.2.2}{\376\377\000R\000e\000p\000r\000e\000s\000e\000n\000t\000a\000n\000d\000o\000\040\000l\000a\000\040\000d\000a\000t\000a\000\040\000d\000e\000\040\000t\000e\000x\000t\000o\000\040\000e\000n\000\040\000b\000o\000l\000s\000a\000s\000\040\000d\000e\000\040\000p\000a\000l\000a\000b\000r\000a\000s}{section.7.2}% 188
\BOOKMARK [2][-]{subsection.7.2.3}{\376\377\000A\000p\000l\000i\000c\000a\000n\000d\000o\000\040\000B\000a\000g\000-\000o\000f\000-\000W\000o\000r\000d\000s\000\040\000e\000n\000\040\000l\000a\000\040\000d\000a\000t\000a\000s\000e\000t\000\040\000T\000o\000y}{section.7.2}% 189
\BOOKMARK [3][-]{subsubsection.7.2.3.1}{\376\377\000B\000o\000l\000s\000a\000\040\000d\000e\000\040\000p\000a\000l\000a\000b\000r\000a\000s\000\040\000p\000a\000r\000a\000\040\000l\000a\000s\000\040\000c\000r\000\355\000t\000i\000c\000a\000s\000\040\000d\000e\000\040\000c\000i\000n\000e}{subsection.7.2.3}% 190
\BOOKMARK [2][-]{subsection.7.2.4}{\376\377\000P\000a\000l\000a\000b\000r\000a\000s\000\040\000v\000a\000c\000\355\000a\000s\000\040\000o\000\040\000S\000t\000o\000p\000w\000o\000r\000d\000s}{section.7.2}% 191
\BOOKMARK [3][-]{subsubsection.7.2.4.1}{\376\377\000R\000e\000-\000e\000s\000c\000a\000l\000a\000n\000d\000o\000\040\000l\000a\000\040\000d\000a\000t\000a\000\040\000c\000o\000n\000\040\000t\000f\040\023\000i\000d\000f}{subsection.7.2.4}% 192
\BOOKMARK [3][-]{subsubsection.7.2.4.2}{\376\377\000A\000n\000\341\000l\000i\000s\000i\000s\000\040\000d\000e\000\040\000l\000o\000s\000\040\000c\000o\000e\000f\000i\000c\000i\000e\000n\000t\000e\000s\000\040\000m\000o\000d\000e\000l\000o}{subsection.7.2.4}% 193
\BOOKMARK [2][-]{subsection.7.2.5}{\376\377\000B\000o\000l\000s\000a\000\040\000d\000e\000\040\000p\000a\000l\000a\000b\000r\000a\000s\000\040\000c\000o\000n\000\040\000m\000\341\000s\000\040\000d\000e\000\040\000u\000n\000a\000\040\000p\000a\000l\000a\000b\000r\000a\000\040\000\040\000\050\000n\000-\000G\000r\000a\000m\000s\000\051}{section.7.2}% 194
\BOOKMARK [2][-]{subsection.7.2.6}{\376\377\000T\000o\000k\000e\000n\000i\000z\000a\000c\000i\000\363\000n\000\040\000a\000v\000a\000n\000z\000a\000d\000a\000,\000\040\000S\000t\000e\000m\000m\000i\000n\000g\000\040\000y\000\040\000l\000e\000m\000a\000t\000i\000z\000a\000c\000i\000\363\000n}{section.7.2}% 195
\BOOKMARK [2][-]{subsection.7.2.7}{\376\377\000M\000o\000d\000e\000l\000a\000d\000o\000\040\000d\000e\000\040\000t\000e\000m\000a\000s\000\040\000y\000\040\000C\000l\000\372\000s\000t\000e\000r\000\040\000d\000e\000\040\000d\000o\000c\000u\000m\000e\000n\000t\000o\000s}{section.7.2}% 196
\BOOKMARK [2][-]{subsection.7.2.8}{\376\377\000A\000s\000i\000g\000n\000a\000c\000i\000\363\000n\000\040\000d\000e\000\040\000L\000a\000t\000e\000n\000t\000e\000\040\000D\000i\000r\000i\000c\000h\000l\000e\000t\000\040\000L\000D\000A}{section.7.2}% 197
\BOOKMARK [1][-]{section.7.3}{\376\377\000R\000e\000s\000u\000m\000e\000n\000\040\000y\000\040\000p\000e\000r\000s\000p\000e\000c\000t\000i\000v\000a\000s}{chapter.7}% 198
\BOOKMARK [0][-]{chapter.8}{\376\377\000C\000o\000n\000s\000e\000j\000o\000s\000\040\000y\000\040\000c\000o\000n\000c\000l\000u\000s\000i\000o\000n\000e\000s}{}% 199
\BOOKMARK [1][-]{section.8.1}{\376\377\000A\000b\000o\000r\000d\000a\000n\000d\000o\000\040\000u\000n\000\040\000p\000r\000o\000b\000l\000e\000m\000a\000\040\000d\000e\000\040\000a\000p\000r\000e\000n\000d\000i\000z\000a\000j\000e\000\040\000a\000u\000t\000o\000m\000\341\000t\000i\000c\000o}{chapter.8}% 200
\BOOKMARK [2][-]{subsection.8.1.1}{\376\377\000L\000o\000s\000\040\000s\000e\000r\000e\000s\000\040\000h\000u\000m\000a\000n\000o\000s\000\040\000e\000n\000\040\000e\000l\000\040\000b\000u\000c\000l\000e}{section.8.1}% 201
\BOOKMARK [2][-]{subsection.8.1.2}{\376\377\000D\000e\000l\000\040\000p\000r\000o\000t\000o\000t\000i\000p\000o\000\040\000a\000\040\000l\000a\000\040\000p\000r\000o\000d\000u\000c\000c\000i\000\363\000n}{section.8.1}% 202
\BOOKMARK [2][-]{subsection.8.1.3}{\376\377\000P\000r\000o\000b\000a\000n\000d\000o\000\040\000s\000i\000s\000t\000e\000m\000a\000s\000\040\000d\000e\000\040\000p\000r\000o\000d\000u\000c\000c\000i\000\363\000n}{section.8.1}% 203
\BOOKMARK [2][-]{subsection.8.1.4}{\376\377\000C\000o\000n\000s\000t\000r\000u\000y\000e\000n\000d\000o\000\040\000s\000u\000\040\000p\000r\000o\000p\000i\000o\000\040\000e\000s\000t\000i\000m\000a\000d\000o\000r}{section.8.1}% 204
\BOOKMARK [2][-]{subsection.8.1.5}{\376\377\000D\000\363\000n\000d\000e\000\040\000i\000r\000\040\000d\000e\000s\000d\000e\000\040\000a\000q\000u\000\355}{section.8.1}% 205
\BOOKMARK [2][-]{subsection.8.1.6}{\376\377\000T\000e\000o\000r\000\355\000a}{section.8.1}% 206
\BOOKMARK [2][-]{subsection.8.1.7}{\376\377\000O\000t\000r\000o\000s\000\040\000m\000a\000r\000c\000o\000s\000\040\000y\000\040\000p\000a\000q\000u\000e\000t\000e\000s\000\040\000d\000e\000\040\000a\000p\000r\000e\000n\000d\000i\000z\000a\000j\000e\000\040\000a\000u\000t\000o\000m\000\341\000t\000i\000c\000o}{section.8.1}% 207
\BOOKMARK [2][-]{subsection.8.1.8}{\376\377\000R\000a\000n\000k\000i\000n\000g\000,\000\040\000s\000i\000s\000t\000e\000m\000a\000s\000\040\000d\000e\000\040\000r\000e\000c\000o\000m\000e\000n\000d\000a\000c\000i\000\363\000n\000\040\000y\000\040\000o\000t\000r\000o\000s\000\040\000t\000i\000p\000o\000s\000\040\000d\000e\000\040\000a\000p\000r\000e\000n\000d\000i\000z\000a\000j\000e}{section.8.1}% 208
\BOOKMARK [2][-]{subsection.8.1.9}{\376\377\000M\000o\000d\000e\000l\000a\000d\000o\000\040\000p\000r\000o\000b\000a\000b\000i\000l\000\355\000s\000t\000i\000c\000o\000,\000\040\000i\000n\000f\000e\000r\000e\000n\000c\000i\000a\000\040\000y\000\040\000p\000r\000o\000g\000r\000a\000m\000a\000c\000i\000\363\000n\000\040\000p\000r\000o\000b\000a\000b\000i\000l\000\355\000s\000t\000i\000c\000a}{section.8.1}% 209
\BOOKMARK [2][-]{subsection.8.1.10}{\376\377\000R\000e\000d\000e\000s\000\040\000n\000e\000u\000r\000o\000n\000a\000l\000e\000s}{section.8.1}% 210
\BOOKMARK [2][-]{subsection.8.1.11}{\376\377\000E\000s\000c\000a\000l\000a\000d\000o\000\040\000d\000a\000t\000a\000s\000\040\000g\000r\000a\000n\000d\000e\000s}{section.8.1}% 211
\BOOKMARK [2][-]{subsection.8.1.12}{\376\377\000P\000e\000r\000f\000e\000c\000c\000i\000o\000n\000a\000n\000d\000o\000\040\000t\000u\000s\000\040\000h\000a\000b\000i\000l\000i\000d\000a\000d\000e\000s}{section.8.1}% 212
\BOOKMARK [1][-]{section.8.2}{\376\377\000C\000o\000n\000c\000l\000u\000s\000i\000\363\000n}{chapter.8}% 213
\BOOKMARK [0][-]{section.8.2}{\376\377\000\315\000n\000d\000i\000c\000e\000\040\000a\000l\000f\000a\000b\000\351\000t\000i\000c\000o}{}% 214
